0 info it worked if it ends with ok
1 verbose cli [ '/usr/local/bin/node',
1 verbose cli   '/usr/local/bin/npm',
1 verbose cli   'install',
1 verbose cli   'whatwg-fetch',
1 verbose cli   '--save' ]
2 info using npm@2.14.4
3 info using node@v4.1.1
4 verbose install initial load of /Users/alexvizcaino/Documents/dev/projects/site/package.json
5 verbose installManyTop reading scoped package data from /Users/alexvizcaino/Documents/dev/projects/site/node_modules/aurelia-bundler/package.json
6 verbose installManyTop reading scoped package data from /Users/alexvizcaino/Documents/dev/projects/site/node_modules/aurelia-tools/package.json
7 verbose installManyTop reading scoped package data from /Users/alexvizcaino/Documents/dev/projects/site/node_modules/browser-sync/package.json
8 verbose installManyTop reading scoped package data from /Users/alexvizcaino/Documents/dev/projects/site/node_modules/conventional-changelog/package.json
9 verbose installManyTop reading scoped package data from /Users/alexvizcaino/Documents/dev/projects/site/node_modules/del/package.json
10 verbose installManyTop reading scoped package data from /Users/alexvizcaino/Documents/dev/projects/site/node_modules/es6-module-loader/package.json
11 verbose installManyTop reading scoped package data from /Users/alexvizcaino/Documents/dev/projects/site/node_modules/gulp/package.json
12 verbose installManyTop reading scoped package data from /Users/alexvizcaino/Documents/dev/projects/site/node_modules/gulp-bump/package.json
13 verbose installManyTop reading scoped package data from /Users/alexvizcaino/Documents/dev/projects/site/node_modules/gulp-changed/package.json
14 verbose installManyTop reading scoped package data from /Users/alexvizcaino/Documents/dev/projects/site/node_modules/gulp-htmlmin/package.json
15 verbose installManyTop reading scoped package data from /Users/alexvizcaino/Documents/dev/projects/site/node_modules/gulp-notify/package.json
16 verbose installManyTop reading scoped package data from /Users/alexvizcaino/Documents/dev/projects/site/node_modules/gulp-plumber/package.json
17 verbose installManyTop reading scoped package data from /Users/alexvizcaino/Documents/dev/projects/site/node_modules/gulp-protractor/package.json
18 verbose installManyTop reading scoped package data from /Users/alexvizcaino/Documents/dev/projects/site/node_modules/gulp-sourcemaps/package.json
19 verbose installManyTop reading scoped package data from /Users/alexvizcaino/Documents/dev/projects/site/node_modules/gulp-tslint/package.json
20 verbose installManyTop reading scoped package data from /Users/alexvizcaino/Documents/dev/projects/site/node_modules/gulp-typescript/package.json
21 verbose installManyTop reading scoped package data from /Users/alexvizcaino/Documents/dev/projects/site/node_modules/isparta/package.json
22 verbose installManyTop reading scoped package data from /Users/alexvizcaino/Documents/dev/projects/site/node_modules/jasmine-core/package.json
23 verbose installManyTop reading scoped package data from /Users/alexvizcaino/Documents/dev/projects/site/node_modules/jspm/package.json
24 verbose installManyTop reading scoped package data from /Users/alexvizcaino/Documents/dev/projects/site/node_modules/karma/package.json
25 verbose installManyTop reading scoped package data from /Users/alexvizcaino/Documents/dev/projects/site/node_modules/karma-chrome-launcher/package.json
26 verbose installManyTop reading scoped package data from /Users/alexvizcaino/Documents/dev/projects/site/node_modules/karma-jasmine/package.json
27 verbose installManyTop reading scoped package data from /Users/alexvizcaino/Documents/dev/projects/site/node_modules/karma-systemjs/package.json
28 verbose installManyTop reading scoped package data from /Users/alexvizcaino/Documents/dev/projects/site/node_modules/object.assign/package.json
29 verbose installManyTop reading scoped package data from /Users/alexvizcaino/Documents/dev/projects/site/node_modules/require-dir/package.json
30 verbose installManyTop reading scoped package data from /Users/alexvizcaino/Documents/dev/projects/site/node_modules/run-sequence/package.json
31 verbose installManyTop reading scoped package data from /Users/alexvizcaino/Documents/dev/projects/site/node_modules/systemjs/package.json
32 verbose installManyTop reading scoped package data from /Users/alexvizcaino/Documents/dev/projects/site/node_modules/tslint/package.json
33 verbose installManyTop reading scoped package data from /Users/alexvizcaino/Documents/dev/projects/site/node_modules/typescript/package.json
34 verbose installManyTop reading scoped package data from /Users/alexvizcaino/Documents/dev/projects/site/node_modules/typings/package.json
35 verbose installManyTop reading scoped package data from /Users/alexvizcaino/Documents/dev/projects/site/node_modules/vinyl-paths/package.json
36 verbose installManyTop reading scoped package data from /Users/alexvizcaino/Documents/dev/projects/site/node_modules/yargs/package.json
37 info package.json gulp-notify@2.2.0 No license field.
38 info package.json es6-module-loader@0.17.11 No license field.
39 verbose readDependencies loading dependencies from /Users/alexvizcaino/Documents/dev/projects/site/package.json
40 silly cache add args [ 'whatwg-fetch', null ]
41 verbose cache add spec whatwg-fetch
42 silly cache add parsed spec Result {
42 silly cache add   raw: 'whatwg-fetch',
42 silly cache add   scope: null,
42 silly cache add   name: 'whatwg-fetch',
42 silly cache add   rawSpec: '',
42 silly cache add   spec: '*',
42 silly cache add   type: 'range' }
43 silly addNamed whatwg-fetch@*
44 verbose addNamed "*" is a valid semver range for whatwg-fetch
45 silly addNameRange { name: 'whatwg-fetch', range: '*', hasData: false }
46 silly mapToRegistry name whatwg-fetch
47 silly mapToRegistry using default registry
48 silly mapToRegistry registry https://registry.npmjs.org/
49 silly mapToRegistry uri https://registry.npmjs.org/whatwg-fetch
50 verbose addNameRange registry:https://registry.npmjs.org/whatwg-fetch not in flight; fetching
51 verbose request uri https://registry.npmjs.org/whatwg-fetch
52 verbose request no auth needed
53 info attempt registry request try #1 at 10:48:11 AM
54 verbose request id 7b86ef1987f84062
55 verbose etag "D6YFB9LTJS6IQSN8QOO6QQISF"
56 http request GET https://registry.npmjs.org/whatwg-fetch
57 http 304 https://registry.npmjs.org/whatwg-fetch
58 silly get cb [ 304,
58 silly get   { date: 'Wed, 20 Jul 2016 08:48:11 GMT',
58 silly get     via: '1.1 varnish',
58 silly get     'cache-control': 'max-age=300',
58 silly get     etag: '"D6YFB9LTJS6IQSN8QOO6QQISF"',
58 silly get     age: '283',
58 silly get     connection: 'keep-alive',
58 silly get     'x-served-by': 'cache-lhr6337-LHR',
58 silly get     'x-cache': 'HIT',
58 silly get     'x-cache-hits': '5',
58 silly get     'x-timer': 'S1469004491.988283,VS0,VE0',
58 silly get     vary: 'Accept-Encoding' } ]
59 verbose etag https://registry.npmjs.org/whatwg-fetch from cache
60 verbose get saving whatwg-fetch to /Users/alexvizcaino/.npm/registry.npmjs.org/whatwg-fetch/.cache.json
61 silly addNameRange number 2 { name: 'whatwg-fetch', range: '*', hasData: true }
62 silly addNameRange versions [ 'whatwg-fetch',
62 silly addNameRange   [ '0.5.0',
62 silly addNameRange     '0.6.0',
62 silly addNameRange     '0.6.1',
62 silly addNameRange     '0.7.0',
62 silly addNameRange     '0.8.0',
62 silly addNameRange     '0.8.1',
62 silly addNameRange     '0.8.2',
62 silly addNameRange     '0.9.0',
62 silly addNameRange     '0.10.0',
62 silly addNameRange     '0.10.1',
62 silly addNameRange     '0.11.0',
62 silly addNameRange     '1.0.0',
62 silly addNameRange     '0.11.1' ] ]
63 silly addNamed whatwg-fetch@1.0.0
64 verbose addNamed "1.0.0" is a plain semver version for whatwg-fetch
65 silly cache afterAdd whatwg-fetch@1.0.0
66 verbose afterAdd /Users/alexvizcaino/.npm/whatwg-fetch/1.0.0/package/package.json not in flight; writing
67 verbose afterAdd /Users/alexvizcaino/.npm/whatwg-fetch/1.0.0/package/package.json written
68 silly install resolved [ { name: 'whatwg-fetch',
68 silly install resolved     description: 'A window.fetch polyfill.',
68 silly install resolved     version: '1.0.0',
68 silly install resolved     main: 'fetch.js',
68 silly install resolved     repository: { type: 'git', url: 'git+https://github.com/github/fetch.git' },
68 silly install resolved     license: 'MIT',
68 silly install resolved     devDependencies:
68 silly install resolved      { bower: '1.3.8',
68 silly install resolved        chai: '1.10.0',
68 silly install resolved        jshint: '2.8.0',
68 silly install resolved        mocha: '2.1.0',
68 silly install resolved        'mocha-phantomjs-core': '2.0.1',
68 silly install resolved        'url-search-params': '0.5.0' },
68 silly install resolved     files: [ 'LICENSE', 'fetch.js' ],
68 silly install resolved     gitHead: 'ad96feb721393590a1b79dd2646854f5cbb16186',
68 silly install resolved     bugs: { url: 'https://github.com/github/fetch/issues' },
68 silly install resolved     homepage: 'https://github.com/github/fetch#readme',
68 silly install resolved     _id: 'whatwg-fetch@1.0.0',
68 silly install resolved     scripts: {},
68 silly install resolved     _shasum: '01c2ac4df40e236aaa18480e3be74bd5c8eb798e',
68 silly install resolved     _from: 'whatwg-fetch@*',
68 silly install resolved     _npmVersion: '2.15.0',
68 silly install resolved     _nodeVersion: '0.10.44',
68 silly install resolved     _npmUser: { name: 'mislav', email: 'mislav.marohnic@gmail.com' },
68 silly install resolved     dist:
68 silly install resolved      { shasum: '01c2ac4df40e236aaa18480e3be74bd5c8eb798e',
68 silly install resolved        tarball: 'https://registry.npmjs.org/whatwg-fetch/-/whatwg-fetch-1.0.0.tgz' },
68 silly install resolved     maintainers: [ [Object], [Object] ],
68 silly install resolved     _npmOperationalInternal:
68 silly install resolved      { host: 'packages-16-east.internal.npmjs.com',
68 silly install resolved        tmp: 'tmp/whatwg-fetch-1.0.0.tgz_1461876470856_0.9817740931175649' },
68 silly install resolved     directories: {},
68 silly install resolved     _resolved: 'https://registry.npmjs.org/whatwg-fetch/-/whatwg-fetch-1.0.0.tgz',
68 silly install resolved     readme: 'ERROR: No README data found!' } ]
69 info install whatwg-fetch@1.0.0 into /Users/alexvizcaino/Documents/dev/projects/site
70 info installOne whatwg-fetch@1.0.0
71 verbose installOne of whatwg-fetch to /Users/alexvizcaino/Documents/dev/projects/site not in flight; installing
72 verbose lock using /Users/alexvizcaino/.npm/_locks/whatwg-fetch-28e395005e1b8f9e.lock for /Users/alexvizcaino/Documents/dev/projects/site/node_modules/whatwg-fetch
73 silly install write writing whatwg-fetch 1.0.0 to /Users/alexvizcaino/Documents/dev/projects/site/node_modules/whatwg-fetch
74 verbose unbuild node_modules/whatwg-fetch
75 silly gentlyRm /Users/alexvizcaino/Documents/dev/projects/site/node_modules/whatwg-fetch is being purged from base /Users/alexvizcaino/Documents/dev/projects/site
76 verbose gentlyRm don't care about contents; nuking /Users/alexvizcaino/Documents/dev/projects/site/node_modules/whatwg-fetch
77 verbose tar unpack /Users/alexvizcaino/.npm/whatwg-fetch/1.0.0/package.tgz
78 verbose tar unpacking to /Users/alexvizcaino/Documents/dev/projects/site/node_modules/whatwg-fetch
79 silly gentlyRm /Users/alexvizcaino/Documents/dev/projects/site/node_modules/whatwg-fetch is being purged
80 verbose gentlyRm don't care about contents; nuking /Users/alexvizcaino/Documents/dev/projects/site/node_modules/whatwg-fetch
81 silly gunzTarPerm modes [ '755', '644' ]
82 silly gunzTarPerm extractEntry package.json
83 silly gunzTarPerm modified mode [ 'package.json', 436, 420 ]
84 silly gunzTarPerm extractEntry README.md
85 silly gunzTarPerm modified mode [ 'README.md', 436, 420 ]
86 silly gunzTarPerm extractEntry LICENSE
87 silly gunzTarPerm modified mode [ 'LICENSE', 436, 420 ]
88 silly gunzTarPerm extractEntry fetch.js
89 silly gunzTarPerm modified mode [ 'fetch.js', 436, 420 ]
90 verbose write writing to /Users/alexvizcaino/Documents/dev/projects/site/node_modules/whatwg-fetch/package.json
91 info preinstall whatwg-fetch@1.0.0
92 verbose readDependencies loading dependencies from /Users/alexvizcaino/Documents/dev/projects/site/node_modules/whatwg-fetch/package.json
93 verbose readDependencies loading dependencies from /Users/alexvizcaino/Documents/dev/projects/site/node_modules/whatwg-fetch/package.json
94 silly install resolved []
95 verbose about to build /Users/alexvizcaino/Documents/dev/projects/site/node_modules/whatwg-fetch
96 info build /Users/alexvizcaino/Documents/dev/projects/site/node_modules/whatwg-fetch
97 info linkStuff whatwg-fetch@1.0.0
98 silly linkStuff whatwg-fetch@1.0.0 has /Users/alexvizcaino/Documents/dev/projects/site/node_modules as its parent node_modules
99 verbose linkBins whatwg-fetch@1.0.0
100 verbose linkMans whatwg-fetch@1.0.0
101 verbose rebuildBundles whatwg-fetch@1.0.0
102 info install whatwg-fetch@1.0.0
103 info postinstall whatwg-fetch@1.0.0
104 verbose unlock done using /Users/alexvizcaino/.npm/_locks/whatwg-fetch-28e395005e1b8f9e.lock for /Users/alexvizcaino/Documents/dev/projects/site/node_modules/whatwg-fetch
105 verbose validateInstall loading /Users/alexvizcaino/Documents/dev/projects/site/package.json for validation
106 verbose stack Error: The package typescript@1.9.0-dev.20160627-1.0 does not satisfy its siblings' peerDependencies requirements!
106 verbose stack     at /usr/local/lib/node_modules/npm/lib/install.js:125:32
106 verbose stack     at /usr/local/lib/node_modules/npm/lib/install.js:268:7
106 verbose stack     at /usr/local/lib/node_modules/npm/node_modules/read-installed/read-installed.js:142:5
106 verbose stack     at /usr/local/lib/node_modules/npm/node_modules/read-installed/read-installed.js:263:14
106 verbose stack     at cb (/usr/local/lib/node_modules/npm/node_modules/slide/lib/async-map.js:47:24)
106 verbose stack     at /usr/local/lib/node_modules/npm/node_modules/read-installed/read-installed.js:263:14
106 verbose stack     at cb (/usr/local/lib/node_modules/npm/node_modules/slide/lib/async-map.js:47:24)
106 verbose stack     at /usr/local/lib/node_modules/npm/node_modules/read-installed/read-installed.js:263:14
106 verbose stack     at cb (/usr/local/lib/node_modules/npm/node_modules/slide/lib/async-map.js:47:24)
106 verbose stack     at /usr/local/lib/node_modules/npm/node_modules/read-installed/read-installed.js:263:14
107 verbose cwd /Users/alexvizcaino/Documents/dev/projects/site
108 error Darwin 15.5.0
109 error argv "/usr/local/bin/node" "/usr/local/bin/npm" "install" "whatwg-fetch" "--save"
110 error node v4.1.1
111 error npm  v2.14.4
112 error code EPEERINVALID
113 error peerinvalid The package typescript@1.9.0-dev.20160627-1.0 does not satisfy its siblings' peerDependencies requirements!
113 error peerinvalid Peer tslint@3.13.0 wants typescript@>=1.7.3
114 verbose exit [ 1, true ]
